2026-01-23 18:24:45.858 INFO  c.k.k.c.l.logback.LogbackConfigurator    - Logback default configuration initialized from: C:\Users\ADMIN\.katalon\packages\KSE-10.4.3\configuration\org.eclipse.osgi\133\0\.cp\resources\logback\logback-execution.xml
2026-01-23 18:24:45.873 INFO  c.k.k.c.l.logback.LogbackConfigurator    - Logback custom configuration initialized from: D:\KMS_Automation_Project\Include\config\log.properties
2026-01-23 18:24:47.245 INFO  c.k.katalon.core.main.TestSuiteExecutor  - START Test Suites/TS_Cura_Appointment_Flow
2026-01-23 18:24:47.361 INFO  c.k.katalon.core.main.TestSuiteExecutor  - userFullName = Hà Sang Nguyễn
2026-01-23 18:24:47.369 INFO  c.k.katalon.core.main.TestSuiteExecutor  - projectName = KMS_Automation_Project
2026-01-23 18:24:47.371 INFO  c.k.katalon.core.main.TestSuiteExecutor  - hostName = ADMIN - DESKTOP-R4TO9PD
2026-01-23 18:24:47.372 INFO  c.k.katalon.core.main.TestSuiteExecutor  - os = Windows 10 64bit
2026-01-23 18:24:47.373 INFO  c.k.katalon.core.main.TestSuiteExecutor  - hostAddress = 172.20.10.3
2026-01-23 18:24:47.375 INFO  c.k.katalon.core.main.TestSuiteExecutor  - katalonVersion = 10.4.3.0
2026-01-23 18:24:47.851 INFO  c.k.k.core.webui.driver.DriverFactory    - Starting 'Chrome' driver
2026-01-23 18:24:47.952 INFO  c.k.k.core.webui.driver.DriverFactory    - Action delay is set to 0 milliseconds
Jan 23, 2026 6:24:50 PM org.openqa.selenium.devtools.CdpVersionFinder findNearestMatch
WARNING: Unable to find an exact match for CDP version 143, returning the closest version; found: 142; Please update to a Selenium version that supports CDP version 143
2026-01-23 18:24:51.012 INFO  c.k.k.core.webui.driver.DriverFactory    - sessionId = 76fb61b15cba7338d9ac779f00b42c4f
2026-01-23 18:24:51.016 INFO  c.k.k.core.webui.driver.DriverFactory    - browser = Chrome 143.0.7499.171
2026-01-23 18:24:51.016 INFO  c.k.k.core.webui.driver.DriverFactory    - platform = Windows 10
2026-01-23 18:24:51.018 INFO  c.k.k.core.webui.driver.DriverFactory    - seleniumVersion = 4.34.0
2026-01-23 18:24:51.032 INFO  c.k.k.core.webui.driver.DriverFactory    - proxyInformation = ProxyInformation { proxyOption=NO_PROXY, proxyServerType=HTTP, username=, password=********, proxyServerAddress=, proxyServerPort=0, executionList="", isApplyToDesiredCapabilities=true }
2026-01-23 18:24:57.178 INFO  c.k.katalon.core.main.TestCaseExecutor   - --------------------
2026-01-23 18:24:57.178 INFO  c.k.katalon.core.main.TestCaseExecutor   - START Test Cases/Login
2026-01-23 18:24:57.278 DEBUG testcase.Login                           - 1: waitForElementVisible(findTestObject("Cura/Home/btn_MakeAppointment"), 10)
2026-01-23 18:24:57.834 DEBUG testcase.Login                           - 2: click(findTestObject("Cura/Home/btn_MakeAppointment"))
2026-01-23 18:24:59.357 DEBUG testcase.Login                           - 3: waitForElementVisible(findTestObject("Cura/Login/txtUsername"), 10)
2026-01-23 18:24:59.686 DEBUG testcase.Login                           - 4: setText(findTestObject("Cura/Login/txtUsername"), "John Doe")
2026-01-23 18:25:00.690 DEBUG testcase.Login                           - 5: setText(findTestObject("Cura/Login/txtPassword"), "ThisIsNotAPassword")
2026-01-23 18:25:01.686 DEBUG testcase.Login                           - 6: click(findTestObject("Cura/Login/btnLogin"))
2026-01-23 18:25:02.828 DEBUG testcase.Login                           - 7: waitForElementVisible(findTestObject("Cura/Appointment/lbl_MakeAppointment"), 10)
2026-01-23 18:25:03.288 INFO  c.k.katalon.core.main.TestCaseExecutor   - END Test Cases/Login
2026-01-23 18:25:03.296 INFO  c.k.katalon.core.main.TestCaseExecutor   - --------------------
2026-01-23 18:25:03.296 INFO  c.k.katalon.core.main.TestCaseExecutor   - START Test Cases/Appointment
2026-01-23 18:25:03.435 DEBUG testcase.Appointment                     - 1: SmartWait.waitVisible(findTestObject("Cura/Appointment/lbl_MakeAppointment"), 20)
2026-01-23 18:25:03.754 DEBUG testcase.Appointment                     - 2: SmartWait.waitClickable(findTestObject("Cura/Appointment/sel_Facility"), 15)
2026-01-23 18:25:04.965 DEBUG testcase.Appointment                     - 3: selectOptionByLabel(findTestObject("Cura/Appointment/sel_Facility"), "Hongkong CURA Healthcare Center", false)
2026-01-23 18:25:05.707 DEBUG testcase.Appointment                     - 4: SmartWait.waitClickable(findTestObject("Cura/Appointment/chk_HospitalReadmission"), 10)
2026-01-23 18:25:06.810 DEBUG testcase.Appointment                     - 5: SmartWait.waitClickable(findTestObject("Cura/Appointment/rad_Medicaid"), 10)
2026-01-23 18:25:07.887 DEBUG testcase.Appointment                     - 6: SmartWait.waitClickable(findTestObject("Cura/Appointment/txt_VisitDate"), 20)
2026-01-23 18:25:08.986 DEBUG testcase.Appointment                     - 7: components.CalendarPicker.selectDatePlusDays(30)
2026-01-23 18:25:11.925 INFO  k.k.c.m.CustomKeywordDelegatingMetaClass - components.CalendarPicker.selectDatePlusDays is PASSED
2026-01-23 18:25:11.930 DEBUG testcase.Appointment                     - 8: SmartWait.waitVisible(findTestObject("Cura/Appointment/txt_Comment"), 10)
2026-01-23 18:25:12.436 DEBUG testcase.Appointment                     - 9: setText(findTestObject("Cura/Appointment/txt_Comment"), "Katalon Advanced Automation")
2026-01-23 18:25:13.370 DEBUG testcase.Appointment                     - 10: SmartWait.waitClickable(findTestObject("Cura/Appointment/btn_BookAppointment"), 20)
2026-01-23 18:25:15.723 INFO  c.k.katalon.core.main.TestCaseExecutor   - END Test Cases/Appointment
2026-01-23 18:25:15.731 INFO  c.k.katalon.core.main.TestCaseExecutor   - --------------------
2026-01-23 18:25:15.731 INFO  c.k.katalon.core.main.TestCaseExecutor   - START Test Cases/Summary
2026-01-23 18:25:15.889 DEBUG testcase.Summary                         - 1: SmartWait.waitVisible(findTestObject("Cura/Summary/lbl_Confirm_Title"), 20)
2026-01-23 18:25:16.204 DEBUG testcase.Summary                         - 2: verifyElementText(findTestObject("Cura/Summary/lbl_Confirm_Title"), "Appointment Confirmation")
2026-01-23 18:25:16.484 DEBUG testcase.Summary                         - 3: facilityRaw = getText(findTestObject("Cura/Summary/lbl_Facility_Value"))
2026-01-23 18:25:16.784 DEBUG testcase.Summary                         - 4: readmissionRaw = getText(findTestObject("Cura/Summary/lbl_Readmission_Value"))
2026-01-23 18:25:17.068 DEBUG testcase.Summary                         - 5: programRaw = getText(findTestObject("Cura/Summary/lbl_Program_Value"))
2026-01-23 18:25:17.358 DEBUG testcase.Summary                         - 6: visitDateRaw = getText(findTestObject("Cura/Summary/lbl_VisitDate_Value"))
2026-01-23 18:25:17.625 DEBUG testcase.Summary                         - 7: commentRaw = getText(findTestObject("Cura/Summary/lbl_Comment_Value"))
2026-01-23 18:25:17.941 DEBUG testcase.Summary                         - 8: facility = replace("Facility", "").trim()
2026-01-23 18:25:17.958 DEBUG testcase.Summary                         - 9: readmission = replace("Apply for hospital readmission", "").trim()
2026-01-23 18:25:17.960 DEBUG testcase.Summary                         - 10: program = replace("Healthcare Program", "").trim()
2026-01-23 18:25:17.960 DEBUG testcase.Summary                         - 11: visitDate = replace("Visit Date", "").trim()
2026-01-23 18:25:17.966 DEBUG testcase.Summary                         - 12: comment = replace("Comment", "").trim()
2026-01-23 18:25:17.969 DEBUG testcase.Summary                         - 13: verifyEqual(facility, "Hongkong CURA Healthcare Center")
2026-01-23 18:25:17.989 DEBUG testcase.Summary                         - 14: verifyEqual(readmission, "Yes")
2026-01-23 18:25:17.995 DEBUG testcase.Summary                         - 15: verifyEqual(program, "Medicaid")
2026-01-23 18:25:18.001 DEBUG testcase.Summary                         - 16: verifyMatch(visitDate, "\d{2}/\d{2}/\d{4}", true)
2026-01-23 18:25:18.023 DEBUG testcase.Summary                         - 17: verifyEqual(comment, "Katalon Advanced Automation")
2026-01-23 18:25:18.029 DEBUG testcase.Summary                         - 18: SmartWait.waitClickable(findTestObject("Cura/Summary/btn_GoToHomepage"), 15)
2026-01-23 18:25:19.519 INFO  c.k.katalon.core.main.TestCaseExecutor   - END Test Cases/Summary
2026-01-23 18:25:19.935 INFO  c.k.katalon.core.main.TestSuiteExecutor  - --------------------
2026-01-23 18:25:19.935 INFO  c.k.katalon.core.main.TestSuiteExecutor  - END Test Suites/TS_Cura_Appointment_Flow
2026-01-23 18:25:19.935 INFO  c.k.katalon.core.main.TestSuiteExecutor  - ====================
